[22-Jan-2024 05:37:33 UTC] PHP Fatal error:  Uncaught ArgumentCountError: Too few arguments to function add_action(), 0 passed in C:\Users\tomcr\Local Sites\university-website\app\public\wp-content\themes\university-theme\functions.php on line 7 and at least 2 expected in C:\Users\tomcr\Local Sites\university-website\app\public\wp-includes\plugin.php:441
Stack trace:
#0 C:\Users\tomcr\Local Sites\university-website\app\public\wp-content\themes\university-theme\functions.php(7): add_action()
#1 C:\Users\tomcr\Local Sites\university-website\app\public\wp-settings.php(611): include('C:\\Users\\tomcr\\...')
#2 C:\Users\tomcr\Local Sites\university-website\app\public\wp-config.php(103): require_once('C:\\Users\\tomcr\\...')
#3 C:\Users\tomcr\Local Sites\university-website\app\public\wp-load.php(50): require_once('C:\\Users\\tomcr\\...')
#4 C:\Users\tomcr\Local Sites\university-website\app\public\wp-blog-header.php(13): require_once('C:\\Users\\tomcr\\...')
#5 C:\Users\tomcr\Local Sites\university-website\app\public\index.php(17): require('C:\\Users\\tomcr\\...')
#6 {main}
  thrown in C:\Users\tomcr\Local Sites\university-website\app\public\wp-includes\plugin.php on line 441
[22-Jan-2024 05:37:34 UTC] PHP Fatal error:  Uncaught ArgumentCountError: Too few arguments to function add_action(), 0 passed in C:\Users\tomcr\Local Sites\university-website\app\public\wp-content\themes\university-theme\functions.php on line 7 and at least 2 expected in C:\Users\tomcr\Local Sites\university-website\app\public\wp-includes\plugin.php:441
Stack trace:
#0 C:\Users\tomcr\Local Sites\university-website\app\public\wp-content\themes\university-theme\functions.php(7): add_action()
#1 C:\Users\tomcr\Local Sites\university-website\app\public\wp-settings.php(611): include('C:\\Users\\tomcr\\...')
#2 C:\Users\tomcr\Local Sites\university-website\app\public\wp-config.php(103): require_once('C:\\Users\\tomcr\\...')
#3 C:\Users\tomcr\Local Sites\university-website\app\public\wp-load.php(50): require_once('C:\\Users\\tomcr\\...')
#4 C:\Users\tomcr\Local Sites\university-website\app\public\wp-blog-header.php(13): require_once('C:\\Users\\tomcr\\...')
#5 C:\Users\tomcr\Local Sites\university-website\app\public\index.php(17): require('C:\\Users\\tomcr\\...')
#6 {main}
  thrown in C:\Users\tomcr\Local Sites\university-website\app\public\wp-includes\plugin.php on line 441
[22-Jan-2024 05:37:52 UTC] PHP Fatal error:  Uncaught ArgumentCountError: Too few arguments to function add_action(), 0 passed in C:\Users\tomcr\Local Sites\university-website\app\public\wp-content\themes\university-theme\functions.php on line 7 and at least 2 expected in C:\Users\tomcr\Local Sites\university-website\app\public\wp-includes\plugin.php:441
Stack trace:
#0 C:\Users\tomcr\Local Sites\university-website\app\public\wp-content\themes\university-theme\functions.php(7): add_action()
#1 C:\Users\tomcr\Local Sites\university-website\app\public\wp-settings.php(611): include('C:\\Users\\tomcr\\...')
#2 C:\Users\tomcr\Local Sites\university-website\app\public\wp-config.php(103): require_once('C:\\Users\\tomcr\\...')
#3 C:\Users\tomcr\Local Sites\university-website\app\public\wp-load.php(50): require_once('C:\\Users\\tomcr\\...')
#4 C:\Users\tomcr\Local Sites\university-website\app\public\wp-admin\admin-ajax.php(22): require_once('C:\\Users\\tomcr\\...')
#5 {main}
  thrown in C:\Users\tomcr\Local Sites\university-website\app\public\wp-includes\plugin.php on line 441
[22-Jan-2024 07:04:22 UTC] PHP Fatal error:  Uncaught Error: Undefined constant "get_the_ID" in C:\Users\tomcr\Local Sites\university-website\app\public\wp-content\themes\university-theme\page.php:25
Stack trace:
#0 C:\Users\tomcr\Local Sites\university-website\app\public\wp-includes\template-loader.php(106): include()
#1 C:\Users\tomcr\Local Sites\university-website\app\public\wp-blog-header.php(19): require_once('C:\\Users\\tomcr\\...')
#2 C:\Users\tomcr\Local Sites\university-website\app\public\index.php(17): require('C:\\Users\\tomcr\\...')
#3 {main}
  thrown in C:\Users\tomcr\Local Sites\university-website\app\public\wp-content\themes\university-theme\page.php on line 25
[22-Jan-2024 07:04:24 UTC] PHP Fatal error:  Uncaught Error: Undefined constant "get_the_ID" in C:\Users\tomcr\Local Sites\university-website\app\public\wp-content\themes\university-theme\page.php:25
Stack trace:
#0 C:\Users\tomcr\Local Sites\university-website\app\public\wp-includes\template-loader.php(106): include()
#1 C:\Users\tomcr\Local Sites\university-website\app\public\wp-blog-header.php(19): require_once('C:\\Users\\tomcr\\...')
#2 C:\Users\tomcr\Local Sites\university-website\app\public\index.php(17): require('C:\\Users\\tomcr\\...')
#3 {main}
  thrown in C:\Users\tomcr\Local Sites\university-website\app\public\wp-content\themes\university-theme\page.php on line 25
[22-Jan-2024 07:04:41 UTC] PHP Fatal error:  Uncaught Error: Undefined constant "get_the_ID" in C:\Users\tomcr\Local Sites\university-website\app\public\wp-content\themes\university-theme\page.php:25
Stack trace:
#0 C:\Users\tomcr\Local Sites\university-website\app\public\wp-includes\template-loader.php(106): include()
#1 C:\Users\tomcr\Local Sites\university-website\app\public\wp-blog-header.php(19): require_once('C:\\Users\\tomcr\\...')
#2 C:\Users\tomcr\Local Sites\university-website\app\public\index.php(17): require('C:\\Users\\tomcr\\...')
#3 {main}
  thrown in C:\Users\tomcr\Local Sites\university-website\app\public\wp-content\themes\university-theme\page.php on line 25
[22-Jan-2024 07:04:44 UTC] PHP Fatal error:  Uncaught Error: Undefined constant "get_the_ID" in C:\Users\tomcr\Local Sites\university-website\app\public\wp-content\themes\university-theme\page.php:25
Stack trace:
#0 C:\Users\tomcr\Local Sites\university-website\app\public\wp-includes\template-loader.php(106): include()
#1 C:\Users\tomcr\Local Sites\university-website\app\public\wp-blog-header.php(19): require_once('C:\\Users\\tomcr\\...')
#2 C:\Users\tomcr\Local Sites\university-website\app\public\index.php(17): require('C:\\Users\\tomcr\\...')
#3 {main}
  thrown in C:\Users\tomcr\Local Sites\university-website\app\public\wp-content\themes\university-theme\page.php on line 25
[22-Jan-2024 07:04:49 UTC] PHP Fatal error:  Uncaught Error: Undefined constant "get_the_ID" in C:\Users\tomcr\Local Sites\university-website\app\public\wp-content\themes\university-theme\page.php:25
Stack trace:
#0 C:\Users\tomcr\Local Sites\university-website\app\public\wp-includes\template-loader.php(106): include()
#1 C:\Users\tomcr\Local Sites\university-website\app\public\wp-blog-header.php(19): require_once('C:\\Users\\tomcr\\...')
#2 C:\Users\tomcr\Local Sites\university-website\app\public\index.php(17): require('C:\\Users\\tomcr\\...')
#3 {main}
  thrown in C:\Users\tomcr\Local Sites\university-website\app\public\wp-content\themes\university-theme\page.php on line 25
[22-Jan-2024 07:04:50 UTC] PHP Fatal error:  Uncaught Error: Undefined constant "get_the_ID" in C:\Users\tomcr\Local Sites\university-website\app\public\wp-content\themes\university-theme\page.php:25
Stack trace:
#0 C:\Users\tomcr\Local Sites\university-website\app\public\wp-includes\template-loader.php(106): include()
#1 C:\Users\tomcr\Local Sites\university-website\app\public\wp-blog-header.php(19): require_once('C:\\Users\\tomcr\\...')
#2 C:\Users\tomcr\Local Sites\university-website\app\public\index.php(17): require('C:\\Users\\tomcr\\...')
#3 {main}
  thrown in C:\Users\tomcr\Local Sites\university-website\app\public\wp-content\themes\university-theme\page.php on line 25
[22-Jan-2024 07:04:52 UTC] PHP Fatal error:  Uncaught Error: Undefined constant "get_the_ID" in C:\Users\tomcr\Local Sites\university-website\app\public\wp-content\themes\university-theme\page.php:25
Stack trace:
#0 C:\Users\tomcr\Local Sites\university-website\app\public\wp-includes\template-loader.php(106): include()
#1 C:\Users\tomcr\Local Sites\university-website\app\public\wp-blog-header.php(19): require_once('C:\\Users\\tomcr\\...')
#2 C:\Users\tomcr\Local Sites\university-website\app\public\index.php(17): require('C:\\Users\\tomcr\\...')
#3 {main}
  thrown in C:\Users\tomcr\Local Sites\university-website\app\public\wp-content\themes\university-theme\page.php on line 25
[22-Jan-2024 07:36:09 UTC] PHP Fatal error:  Uncaught Error: Undefined constant "the_parent_ID" in C:\Users\tomcr\Local Sites\university-website\app\public\wp-content\themes\university-theme\page.php:41
Stack trace:
#0 C:\Users\tomcr\Local Sites\university-website\app\public\wp-includes\template-loader.php(106): include()
#1 C:\Users\tomcr\Local Sites\university-website\app\public\wp-blog-header.php(19): require_once('C:\\Users\\tomcr\\...')
#2 C:\Users\tomcr\Local Sites\university-website\app\public\index.php(17): require('C:\\Users\\tomcr\\...')
#3 {main}
  thrown in C:\Users\tomcr\Local Sites\university-website\app\public\wp-content\themes\university-theme\page.php on line 41
[22-Jan-2024 07:51:24 UTC] PHP Fatal error:  Uncaught Error: Call to undefined function lang_attributes() in C:\Users\tomcr\Local Sites\university-website\app\public\wp-content\themes\university-theme\header.php:2
Stack trace:
#0 C:\Users\tomcr\Local Sites\university-website\app\public\wp-includes\template.php(790): require_once()
#1 C:\Users\tomcr\Local Sites\university-website\app\public\wp-includes\template.php(725): load_template('C:\\Users\\tomcr\\...', true, Array)
#2 C:\Users\tomcr\Local Sites\university-website\app\public\wp-includes\general-template.php(48): locate_template(Array, true, true, Array)
#3 C:\Users\tomcr\Local Sites\university-website\app\public\wp-content\themes\university-theme\index.php(2): get_header()
#4 C:\Users\tomcr\Local Sites\university-website\app\public\wp-includes\template-loader.php(106): include('C:\\Users\\tomcr\\...')
#5 C:\Users\tomcr\Local Sites\university-website\app\public\wp-blog-header.php(19): require_once('C:\\Users\\tomcr\\...')
#6 C:\Users\tomcr\Local Sites\university-website\app\public\index.php(17): require('C:\\Users\\tomcr\\...')
#7 {main}
  thrown in C:\Users\tomcr\Local Sites\university-website\app\public\wp-content\themes\university-theme\header.php on line 2
[23-Jan-2024 19:33:27 UTC] PHP Parse error:  syntax error, unexpected token "while" in C:\Users\tomcr\Local Sites\university-website\app\public\wp-content\themes\university-theme\front-page.php on line 49
[23-Jan-2024 19:33:49 UTC] PHP Parse error:  syntax error, unexpected token "while" in C:\Users\tomcr\Local Sites\university-website\app\public\wp-content\themes\university-theme\front-page.php on line 49
[23-Jan-2024 19:34:33 UTC] PHP Parse error:  syntax error, unexpected token "while" in C:\Users\tomcr\Local Sites\university-website\app\public\wp-content\themes\university-theme\front-page.php on line 49
[23-Jan-2024 19:34:49 UTC] PHP Parse error:  syntax error, unexpected variable "$testVar" in C:\Users\tomcr\Local Sites\university-website\app\public\wp-content\themes\university-theme\front-page.php on line 49
[23-Jan-2024 19:35:11 UTC] PHP Parse error:  Unclosed '{' on line 55 in C:\Users\tomcr\Local Sites\university-website\app\public\wp-content\themes\university-theme\front-page.php on line 127
[23-Jan-2024 19:37:19 UTC] PHP Parse error:  Unmatched '}' in C:\Users\tomcr\Local Sites\university-website\app\public\wp-content\themes\university-theme\front-page.php on line 56
[23-Jan-2024 19:38:06 UTC] PHP Parse error:  Unmatched '}' in C:\Users\tomcr\Local Sites\university-website\app\public\wp-content\themes\university-theme\front-page.php on line 56
[23-Jan-2024 19:39:25 UTC] PHP Parse error:  syntax error, unexpected end of file in C:\Users\tomcr\Local Sites\university-website\app\public\wp-content\themes\university-theme\front-page.php on line 129
[25-Jan-2024 19:36:57 UTC] PHP Fatal error:  Uncaught Error: Call to undefined function has_exerpt() in C:\Users\tomcr\Local Sites\university-website\app\public\wp-content\themes\university-theme\front-page.php:82
Stack trace:
#0 C:\Users\tomcr\Local Sites\university-website\app\public\wp-includes\template-loader.php(106): include()
#1 C:\Users\tomcr\Local Sites\university-website\app\public\wp-blog-header.php(19): require_once('C:\\Users\\tomcr\\...')
#2 C:\Users\tomcr\Local Sites\university-website\app\public\index.php(17): require('C:\\Users\\tomcr\\...')
#3 {main}
  thrown in C:\Users\tomcr\Local Sites\university-website\app\public\wp-content\themes\university-theme\front-page.php on line 82
[28-Jan-2024 10:01:23 UTC] PHP Warning:  Undefined variable $custom_field in C:\Users\tomcr\Local Sites\university-website\app\public\wp-content\themes\university-theme\front-page.php on line 36
[28-Jan-2024 10:01:23 UTC] PHP Fatal error:  Uncaught Error: Value of type null is not callable in C:\Users\tomcr\Local Sites\university-website\app\public\wp-content\themes\university-theme\front-page.php:36
Stack trace:
#0 C:\Users\tomcr\Local Sites\university-website\app\public\wp-includes\template-loader.php(106): include()
#1 C:\Users\tomcr\Local Sites\university-website\app\public\wp-blog-header.php(19): require_once('C:\\Users\\tomcr\\...')
#2 C:\Users\tomcr\Local Sites\university-website\app\public\index.php(17): require('C:\\Users\\tomcr\\...')
#3 {main}
  thrown in C:\Users\tomcr\Local Sites\university-website\app\public\wp-content\themes\university-theme\front-page.php on line 36
[28-Jan-2024 10:34:05 UTC] PHP Fatal error:  Uncaught TypeError: call_user_func_array(): Argument #1 ($callback) must be a valid callback, function "university_adjust_queries" not found or invalid function name in C:\Users\tomcr\Local Sites\university-website\app\public\wp-includes\class-wp-hook.php:324
Stack trace:
#0 C:\Users\tomcr\Local Sites\university-website\app\public\wp-includes\class-wp-hook.php(348): WP_Hook->apply_filters('', Array)
#1 C:\Users\tomcr\Local Sites\university-website\app\public\wp-includes\plugin.php(565): WP_Hook->do_action(Array)
#2 C:\Users\tomcr\Local Sites\university-website\app\public\wp-includes\class-wp-query.php(1881): do_action_ref_array('pre_get_posts', Array)
#3 C:\Users\tomcr\Local Sites\university-website\app\public\wp-includes\class-wp-query.php(3824): WP_Query->get_posts()
#4 C:\Users\tomcr\Local Sites\university-website\app\public\wp-includes\post.php(2452): WP_Query->query(Array)
#5 C:\Users\tomcr\Local Sites\university-website\app\public\wp-content\plugins\advanced-custom-fields\includes\class-acf-internal-post-type.php(401): get_posts(Array)
#6 C:\Users\tomcr\Local Sites\university-website\app\public\wp-content\plugins\advanced-custom-fields\includes\class-acf-internal-post-type.php(359): ACF_Internal_Post_Type->get_raw_posts()
#7 C:\Users\tomcr\Local Sites\university-website\app\public\wp-content\plugins\advanced-custom-fields\includes\post-types\class-acf-taxonomy.php(126): ACF_Internal_Post_Type->get_posts(Array)
#8 C:\Users\tomcr\Local Sites\university-website\app\public\wp-includes\class-wp-hook.php(324): ACF_Taxonomy->register_taxonomies(6)
#9 C:\Users\tomcr\Local Sites\university-website\app\public\wp-includes\class-wp-hook.php(348): WP_Hook->apply_filters('', Array)
#10 C:\Users\tomcr\Local Sites\university-website\app\public\wp-includes\plugin.php(517): WP_Hook->do_action(Array)
#11 C:\Users\tomcr\Local Sites\university-website\app\public\wp-content\plugins\advanced-custom-fields\acf.php(399): do_action('acf/init', 6)
#12 C:\Users\tomcr\Local Sites\university-website\app\public\wp-includes\class-wp-hook.php(324): ACF->init('')
#13 C:\Users\tomcr\Local Sites\university-website\app\public\wp-includes\class-wp-hook.php(348): WP_Hook->apply_filters(NULL, Array)
#14 C:\Users\tomcr\Local Sites\university-website\app\public\wp-includes\plugin.php(517): WP_Hook->do_action(Array)
#15 C:\Users\tomcr\Local Sites\university-website\app\public\wp-settings.php(643): do_action('init')
#16 C:\Users\tomcr\Local Sites\university-website\app\public\wp-config.php(103): require_once('C:\\Users\\tomcr\\...')
#17 C:\Users\tomcr\Local Sites\university-website\app\public\wp-load.php(50): require_once('C:\\Users\\tomcr\\...')
#18 C:\Users\tomcr\Local Sites\university-website\app\public\wp-admin\admin-ajax.php(22): require_once('C:\\Users\\tomcr\\...')
#19 {main}
  thrown in C:\Users\tomcr\Local Sites\university-website\app\public\wp-includes\class-wp-hook.php on line 324
[28-Jan-2024 10:49:24 UTC] PHP Warning:  Undefined array key 1 in C:\Users\tomcr\Local Sites\university-website\app\public\wp-includes\class-wp-query.php on line 3643
[28-Jan-2024 11:19:15 UTC] PHP Fatal error:  Uncaught Error: Undefined constant "pastEvents" in C:\Users\tomcr\Local Sites\university-website\app\public\wp-content\themes\university-theme\page-past-events.php:29
Stack trace:
#0 C:\Users\tomcr\Local Sites\university-website\app\public\wp-includes\template-loader.php(106): include()
#1 C:\Users\tomcr\Local Sites\university-website\app\public\wp-blog-header.php(19): require_once('C:\\Users\\tomcr\\...')
#2 C:\Users\tomcr\Local Sites\university-website\app\public\index.php(17): require('C:\\Users\\tomcr\\...')
#3 {main}
  thrown in C:\Users\tomcr\Local Sites\university-website\app\public\wp-content\themes\university-theme\page-past-events.php on line 29
[28-Jan-2024 11:31:35 UTC] PHP Fatal error:  Uncaught Error: Undefined constant "_" in C:\Users\tomcr\Local Sites\university-website\app\public\wp-content\themes\university-theme\archive-event.php:59
Stack trace:
#0 C:\Users\tomcr\Local Sites\university-website\app\public\wp-includes\template-loader.php(106): include()
#1 C:\Users\tomcr\Local Sites\university-website\app\public\wp-blog-header.php(19): require_once('C:\\Users\\tomcr\\...')
#2 C:\Users\tomcr\Local Sites\university-website\app\public\index.php(17): require('C:\\Users\\tomcr\\...')
#3 {main}
  thrown in C:\Users\tomcr\Local Sites\university-website\app\public\wp-content\themes\university-theme\archive-event.php on line 59
